<?xml version="1.0" encoding="UTF-8"?>
<!-- Generated by org.testng.reporters.JUnitReportReporter -->
<testsuite hostname="Madis-PC" name="GeneralFunctions.ChangeProfilePic2" tests="3" failures="0" timestamp="17 Nov 2014 13:38:46 GMT" time="210.519" errors="0">
  <testcase name="AvalikultProfiililtpildivahetus" time="47.812" classname="GeneralFunctions.ChangeProfilePic2"/>
  <testcase name="AvalikultProfiililtpildivahetus" time="83.998" classname="GeneralFunctions.ChangeProfilePic2"/>
  <testcase name="AvalikultProfiililtpildivahetus" time="78.709" classname="GeneralFunctions.ChangeProfilePic2"/>
</testsuite> <!-- GeneralFunctions.ChangeProfilePic2 -->
