<?xml version="1.0" encoding="UTF-8"?>
<!-- Generated by org.testng.reporters.JUnitReportReporter -->
<testsuite hostname="Madis-PC" name="GeneralFunctions.ChangeProfilePic" tests="9" failures="0" timestamp="17 Nov 2014 13:06:01 GMT" time="316.472" errors="0">
  <testcase name="TestProfilePic" time="29.140" classname="GeneralFunctions.ChangeProfilePic"/>
  <testcase name="TestProfilePic" time="29.339" classname="GeneralFunctions.ChangeProfilePic"/>
  <testcase name="TestProfilePic" time="23.028" classname="GeneralFunctions.ChangeProfilePic"/>
  <testcase name="TestProfilePic" time="20.579" classname="GeneralFunctions.ChangeProfilePic"/>
  <testcase name="TestProfilePic" time="19.718" classname="GeneralFunctions.ChangeProfilePic"/>
  <testcase name="TestProfilePic" time="21.289" classname="GeneralFunctions.ChangeProfilePic"/>
  <testcase name="TestProfilePic" time="71.173" classname="GeneralFunctions.ChangeProfilePic"/>
  <testcase name="TestProfilePic" time="63.402" classname="GeneralFunctions.ChangeProfilePic"/>
  <testcase name="TestProfilePic" time="38.804" classname="GeneralFunctions.ChangeProfilePic"/>
</testsuite> <!-- GeneralFunctions.ChangeProfilePic -->
