<?xml version="1.0" encoding="UTF-8"?>
<!-- Generated by org.testng.reporters.JUnitReportReporter -->
<testsuite hostname="Madis-PC" name="Feedback.CommentPrivateFeedback" tests="3" failures="0" timestamp="12 Nov 2014 15:30:26 GMT" time="149.484" errors="0">
  <testcase name="Test" time="48.333" classname="Feedback.CommentPrivateFeedback"/>
  <testcase name="Test" time="52.616" classname="Feedback.CommentPrivateFeedback"/>
  <testcase name="Test" time="48.535" classname="Feedback.CommentPrivateFeedback"/>
</testsuite> <!-- Feedback.CommentPrivateFeedback -->
