<?xml version="1.0" encoding="UTF-8"?>
<!-- Generated by org.testng.reporters.JUnitReportReporter -->
<testsuite hostname="Madis-PC" name="sayatme.Registration.ProfileRegInv" tests="3" failures="0" timestamp="12 Nov 2014 13:14:52 GMT" time="125.696" errors="0">
  <testcase name="testProfileRegInv" time="42.863" classname="sayatme.Registration.ProfileRegInv"/>
  <testcase name="testProfileRegInv" time="40.827" classname="sayatme.Registration.ProfileRegInv"/>
  <testcase name="testProfileRegInv" time="42.006" classname="sayatme.Registration.ProfileRegInv"/>
</testsuite> <!-- sayatme.Registration.ProfileRegInv -->
