<?xml version="1.0" encoding="UTF-8"?>
<!-- Generated by org.testng.reporters.JUnitReportReporter -->
<testsuite hostname="Madis-PC" name="Küsimus.Küsimused" tests="1" failures="0" timestamp="14 Nov 2014 12:00:51 GMT" time="14.028" errors="0">
  <testcase name="TestKüsimused" time="14.028" classname="Küsimus.Küsimused"/>
</testsuite> <!-- Küsimus.Küsimused -->
