<?xml version="1.0" encoding="UTF-8"?>
<!-- Generated by org.testng.reporters.JUnitReportReporter -->
<testsuite hostname="Madis-PC" name="Survey.SurveywithInvalidData" tests="3" failures="0" timestamp="12 Nov 2014 15:30:26 GMT" time="138.675" errors="0">
  <testcase name="TestSurveywithInvalid" time="45.787" classname="Survey.SurveywithInvalidData"/>
  <testcase name="TestSurveywithInvalid" time="44.043" classname="Survey.SurveywithInvalidData"/>
  <testcase name="TestSurveywithInvalid" time="48.845" classname="Survey.SurveywithInvalidData"/>
</testsuite> <!-- Survey.SurveywithInvalidData -->
