<?xml version="1.0" encoding="UTF-8"?>
<!-- Generated by org.testng.reporters.JUnitReportReporter -->
<testsuite hostname="Madis-PC" name="Kysimus.Kysimused" tests="1" failures="0" timestamp="1 Dec 2014 11:00:00 GMT" time="291.200" errors="0">
  <testcase name="TestKysimused" time="291.200" classname="Kysimus.Kysimused"/>
</testsuite> <!-- Kysimus.Kysimused -->
