<?xml version="1.0" encoding="UTF-8"?>
<!-- Generated by org.testng.reporters.JUnitReportReporter -->
<testsuite hostname="Madis-PC" name="GeneralFunctions.ChangeProfileInvalid" tests="3" failures="0" timestamp="17 Nov 2014 13:08:31 GMT" time="68.695" errors="0">
  <testcase name="f" time="20.634" classname="GeneralFunctions.ChangeProfileInvalid"/>
  <testcase name="f" time="29.949" classname="GeneralFunctions.ChangeProfileInvalid"/>
  <testcase name="f" time="18.112" classname="GeneralFunctions.ChangeProfileInvalid"/>
</testsuite> <!-- GeneralFunctions.ChangeProfileInvalid -->
