<?xml version="1.0" encoding="UTF-8"?>
<!-- Generated by org.testng.reporters.JUnitReportReporter -->
<testsuite hostname="Madis-PC" name="Survey.ShareSurvey" tests="3" failures="0" timestamp="25 Nov 2014 15:48:41 GMT" time="27.617" errors="0">
  <testcase name="TestShareSurvey" time="9.281" classname="Survey.ShareSurvey"/>
  <testcase name="TestShareSurvey" time="9.344" classname="Survey.ShareSurvey"/>
  <testcase name="TestShareSurvey" time="8.992" classname="Survey.ShareSurvey"/>
</testsuite> <!-- Survey.ShareSurvey -->
