<?xml version="1.0" encoding="UTF-8"?>
<!-- Generated by org.testng.reporters.JUnitReportReporter -->
<testsuite hostname="Madis-PC" name="Test.uus" tests="3" failures="0" timestamp="11 Nov 2014 12:55:30 GMT" time="26.986" errors="0">
  <testcase name="f" time="8.934" classname="Test.uus"/>
  <testcase name="f" time="9.320" classname="Test.uus"/>
  <testcase name="f" time="8.732" classname="Test.uus"/>
</testsuite> <!-- Test.uus -->
