<?xml version="1.0" encoding="UTF-8"?>
<!-- Generated by org.testng.reporters.JUnitReportReporter -->
<testsuite hostname="Madis-PC" name="sayatme.test" tests="1" failures="0" timestamp="15 Oct 2014 06:53:41 GMT" time="2.991" errors="0">
  <testcase name="testmethodone" time="2.991" classname="sayatme.test"/>
</testsuite> <!-- sayatme.test -->
