<?xml version="1.0" encoding="UTF-8"?>
<!-- Generated by org.testng.reporters.JUnitReportReporter -->
<testsuite hostname="Madis-PC" name="sayatme.Registration.ProfileRegInv" tests="3" failures="0" timestamp="8 Dec 2014 14:55:25 GMT" time="78.496" errors="0">
  <testcase name="testProfileRegInv" time="26.542" classname="sayatme.Registration.ProfileRegInv"/>
  <testcase name="testProfileRegInv" time="26.120" classname="sayatme.Registration.ProfileRegInv"/>
  <testcase name="testProfileRegInv" time="25.834" classname="sayatme.Registration.ProfileRegInv"/>
</testsuite> <!-- sayatme.Registration.ProfileRegInv -->
