<?xml version="1.0" encoding="UTF-8"?>
<!-- Generated by org.testng.reporters.JUnitReportReporter -->
<testsuite hostname="Madis-PC" name="Feedback.FeedbackVal" tests="3" failures="0" timestamp="12 Nov 2014 15:30:26 GMT" time="107.573" errors="0">
  <testcase name="testFeedbackVal" time="36.348" classname="Feedback.FeedbackVal"/>
  <testcase name="testFeedbackVal" time="36.562" classname="Feedback.FeedbackVal"/>
  <testcase name="testFeedbackVal" time="34.663" classname="Feedback.FeedbackVal"/>
</testsuite> <!-- Feedback.FeedbackVal -->
