<?xml version="1.0" encoding="UTF-8"?>
<!-- Generated by org.testng.reporters.JUnitReportReporter -->
<testsuite hostname="Madis-PC" name="Screenshot.EmailInboxScreenshot" tests="3" failures="0" timestamp="12 Nov 2014 15:30:26 GMT" time="62.430" errors="0">
  <testcase name="TakeScreenshot" time="21.470" classname="Screenshot.EmailInboxScreenshot"/>
  <testcase name="TakeScreenshot" time="20.537" classname="Screenshot.EmailInboxScreenshot"/>
  <testcase name="TakeScreenshot" time="20.423" classname="Screenshot.EmailInboxScreenshot"/>
</testsuite> <!-- Screenshot.EmailInboxScreenshot -->
