<?xml version="1.0" encoding="UTF-8"?>
<!-- Generated by org.testng.reporters.JUnitReportReporter -->
<testsuite hostname="Madis-PC" name="Login.LoginVK" tests="1" failures="0" timestamp="25 Nov 2014 15:48:42 GMT" time="0.000" errors="0">
  <testcase name="f" time="0.000" classname="Login.LoginVK"/>
</testsuite> <!-- Login.LoginVK -->
