<?xml version="1.0" encoding="UTF-8"?>
<!-- Generated by org.testng.reporters.JUnitReportReporter -->
<testsuite hostname="Madis-PC" name="sayatme.Registration.registrationsuccess" tests="1" failures="0" timestamp="12 Nov 2014 13:14:52 GMT" time="45.138" errors="0">
  <testcase name="testregistrationsuccess" time="45.138" classname="sayatme.Registration.registrationsuccess"/>
</testsuite> <!-- sayatme.Registration.registrationsuccess -->
