<?xml version="1.0" encoding="UTF-8"?>
<!-- Generated by org.testng.reporters.JUnitReportReporter -->
<testsuite hostname="Madis-PC" name="Feedback.feedbackinv" tests="3" failures="0" timestamp="12 Nov 2014 15:30:26 GMT" time="223.266" errors="0">
  <testcase name="testfeedbackinv" time="74.290" classname="Feedback.feedbackinv"/>
  <testcase name="testfeedbackinv" time="75.386" classname="Feedback.feedbackinv"/>
  <testcase name="testfeedbackinv" time="73.590" classname="Feedback.feedbackinv"/>
</testsuite> <!-- Feedback.feedbackinv -->
