<?xml version="1.0" encoding="UTF-8"?>
<!-- Generated by org.testng.reporters.JUnitReportReporter -->
<testsuite hostname="Madis-PC" name="sayatme.Registration.Frontpagereg" tests="3" failures="0" timestamp="8 Dec 2014 14:55:25 GMT" time="114.185" errors="0">
  <testcase name="testFrontpagereg" time="37.683" classname="sayatme.Registration.Frontpagereg"/>
  <testcase name="testFrontpagereg" time="38.287" classname="sayatme.Registration.Frontpagereg"/>
  <testcase name="testFrontpagereg" time="38.215" classname="sayatme.Registration.Frontpagereg"/>
</testsuite> <!-- sayatme.Registration.Frontpagereg -->
