<?xml version="1.0" encoding="UTF-8"?>
<!-- Generated by org.testng.reporters.JUnitReportReporter -->
<testsuite hostname="Madis-PC" name="sayatme.Registration.FeedbackRegInval" tests="3" failures="0" timestamp="12 Nov 2014 13:14:52 GMT" time="191.616" errors="0">
  <testcase name="testFeedbackRegInval" time="63.341" classname="sayatme.Registration.FeedbackRegInval"/>
  <testcase name="testFeedbackRegInval" time="63.593" classname="sayatme.Registration.FeedbackRegInval"/>
  <testcase name="testFeedbackRegInval" time="64.682" classname="sayatme.Registration.FeedbackRegInval"/>
</testsuite> <!-- sayatme.Registration.FeedbackRegInval -->
