<?xml version="1.0" encoding="UTF-8"?>
<!-- Generated by org.testng.reporters.JUnitReportReporter -->
<testsuite hostname="Madis-PC" name="Feedback.CommentPublicFeedback" tests="3" failures="0" timestamp="12 Nov 2014 15:30:26 GMT" time="98.491" errors="0">
  <testcase name="TestCommentPublicFeedback" time="32.378" classname="Feedback.CommentPublicFeedback"/>
  <testcase name="TestCommentPublicFeedback" time="31.996" classname="Feedback.CommentPublicFeedback"/>
  <testcase name="TestCommentPublicFeedback" time="34.117" classname="Feedback.CommentPublicFeedback"/>
</testsuite> <!-- Feedback.CommentPublicFeedback -->
