<?xml version="1.0" encoding="UTF-8"?>
<!-- Generated by org.testng.reporters.JUnitReportReporter -->
<testsuite hostname="Madis-PC" name="sayatme.Registration.FeedbackRegInval" tests="3" failures="0" timestamp="8 Dec 2014 14:55:25 GMT" time="87.841" errors="0">
  <testcase name="testFeedbackRegInval" time="27.989" classname="sayatme.Registration.FeedbackRegInval"/>
  <testcase name="testFeedbackRegInval" time="30.596" classname="sayatme.Registration.FeedbackRegInval"/>
  <testcase name="testFeedbackRegInval" time="29.256" classname="sayatme.Registration.FeedbackRegInval"/>
</testsuite> <!-- sayatme.Registration.FeedbackRegInval -->
