<?xml version="1.0" encoding="UTF-8"?>
<!-- Generated by org.testng.reporters.JUnitReportReporter -->
<testsuite hostname="Madis-PC" name="Feedback.AnswerPrivateFeedback" tests="3" failures="0" timestamp="12 Nov 2014 15:30:26 GMT" time="84.647" errors="0">
  <testcase name="Test" time="29.285" classname="Feedback.AnswerPrivateFeedback"/>
  <testcase name="Test" time="28.575" classname="Feedback.AnswerPrivateFeedback"/>
  <testcase name="Test" time="26.787" classname="Feedback.AnswerPrivateFeedback"/>
</testsuite> <!-- Feedback.AnswerPrivateFeedback -->
