<?xml version="1.0" encoding="UTF-8"?>
<!-- Generated by org.testng.reporters.JUnitReportReporter -->
<testsuite hostname="Madis-PC" name="Kysimus.Kysimused" tests="3" failures="0" timestamp="1 Dec 2014 12:17:22 GMT" time="931.198" errors="0">
  <testcase name="TestKysimused" time="207.415" classname="Kysimus.Kysimused"/>
  <testcase name="TestKysimused" time="438.379" classname="Kysimus.Kysimused"/>
  <testcase name="TestKysimused" time="285.404" classname="Kysimus.Kysimused"/>
</testsuite> <!-- Kysimus.Kysimused -->
