<?xml version="1.0" encoding="UTF-8"?>
<!-- Generated by org.testng.reporters.JUnitReportReporter -->
<testsuite hostname="Madis-PC" name="testautomation.Registration" tests="1" failures="0" timestamp="14 Oct 2014 14:38:38 GMT" time="2.819" errors="0">
  <testcase name="testmethodone" time="2.819" classname="testautomation.Registration"/>
</testsuite> <!-- testautomation.Registration -->
