<?xml version="1.0" encoding="UTF-8"?>
<!-- Generated by org.testng.reporters.JUnitReportReporter -->
<testsuite hostname="Madis-PC" name="Survey.ShareSurvey" tests="2" failures="0" timestamp="6 Nov 2014 20:16:18 GMT" time="0.000" errors="0">
  <testcase name="f" time="0.000" classname="Survey.ShareSurvey"/>
  <testcase name="f" time="0.000" classname="Survey.ShareSurvey"/>
</testsuite> <!-- Survey.ShareSurvey -->
