<?xml version="1.0" encoding="UTF-8"?>
<!-- Generated by org.testng.reporters.JUnitReportReporter -->
<testsuite hostname="Madis-PC" name="Feedback.AnswerFeedback" tests="3" failures="0" timestamp="12 Nov 2014 15:30:26 GMT" time="87.854" errors="0">
  <testcase name="TestAnswerFeedback" time="31.125" classname="Feedback.AnswerFeedback"/>
  <testcase name="TestAnswerFeedback" time="27.894" classname="Feedback.AnswerFeedback"/>
  <testcase name="TestAnswerFeedback" time="28.835" classname="Feedback.AnswerFeedback"/>
</testsuite> <!-- Feedback.AnswerFeedback -->
