<?xml version="1.0" encoding="UTF-8"?>
<!-- Generated by org.testng.reporters.JUnitReportReporter -->
<testsuite hostname="Madis-PC" name="Feedback.MakeFeedbackPublic" tests="3" failures="0" timestamp="12 Nov 2014 15:30:26 GMT" time="86.098" errors="0">
  <testcase name="TestFeedbackPublic" time="26.882" classname="Feedback.MakeFeedbackPublic"/>
  <testcase name="TestFeedbackPublic" time="26.784" classname="Feedback.MakeFeedbackPublic"/>
  <testcase name="TestFeedbackPublic" time="32.432" classname="Feedback.MakeFeedbackPublic"/>
</testsuite> <!-- Feedback.MakeFeedbackPublic -->
