<?xml version="1.0" encoding="UTF-8"?>
<!-- Generated by org.testng.reporters.JUnitReportReporter -->
<testsuite hostname="Madis-PC" name="Feedback.CommentPublicFeedbackNotLoggedin" tests="3" failures="0" timestamp="12 Nov 2014 15:30:26 GMT" time="37.413" errors="0">
  <testcase name="TestCommentPublicFeedbackNotLoggedin" time="12.935" classname="Feedback.CommentPublicFeedbackNotLoggedin"/>
  <testcase name="TestCommentPublicFeedbackNotLoggedin" time="12.168" classname="Feedback.CommentPublicFeedbackNotLoggedin"/>
  <testcase name="TestCommentPublicFeedbackNotLoggedin" time="12.310" classname="Feedback.CommentPublicFeedbackNotLoggedin"/>
</testsuite> <!-- Feedback.CommentPublicFeedbackNotLoggedin -->
