<?xml version="1.0" encoding="UTF-8"?>
<!-- Generated by org.testng.reporters.JUnitReportReporter -->
<testsuite hostname="Madis-PC" name="Harj.Harj" tests="2" failures="0" timestamp="17 Oct 2014 13:10:34 GMT" time="166.121" errors="0">
  <testcase name="testfeedbackinv" time="83.533" classname="Harj.Harj"/>
  <testcase name="testfeedbackinv" time="82.588" classname="Harj.Harj"/>
</testsuite> <!-- Harj.Harj -->
