<?xml version="1.0" encoding="UTF-8"?>
<!-- Generated by org.testng.reporters.JUnitReportReporter -->
<testsuite hostname="Madis-PC" name="Test.Test" tests="6" failures="0" timestamp="27 Oct 2014 11:21:30 GMT" time="261.777" errors="0">
  <testcase name="testLoginVal" time="44.029" classname="Test.Test"/>
  <testcase name="testLoginVal" time="42.464" classname="Test.Test"/>
  <testcase name="testLoginVal" time="41.665" classname="Test.Test"/>
  <testcase name="testLoginVal" time="46.420" classname="Test.Test"/>
  <testcase name="testLoginVal" time="42.053" classname="Test.Test"/>
  <testcase name="testLoginVal" time="45.146" classname="Test.Test"/>
</testsuite> <!-- Test.Test -->
