<?xml version="1.0" encoding="UTF-8"?>
<!-- Generated by org.testng.reporters.JUnitReportReporter -->
<testsuite hostname="Madis-PC" name="Test.testime" tests="1" failures="0" timestamp="5 Nov 2014 13:44:04 GMT" time="37.310" errors="0">
  <testcase name="testTextreplace" time="37.310" classname="Test.testime"/>
</testsuite> <!-- Test.testime -->
