<?xml version="1.0" encoding="UTF-8"?>
<!-- Generated by org.testng.reporters.JUnitReportReporter -->
<testsuite hostname="Madis-PC" name="Linking.VKLinking" tests="1" failures="0" timestamp="25 Nov 2014 15:48:41 GMT" time="0.000" errors="0">
  <testcase name="TestVKlinking" time="0.000" classname="Linking.VKLinking"/>
</testsuite> <!-- Linking.VKLinking -->
