<?xml version="1.0" encoding="UTF-8"?>
<!-- Generated by org.testng.reporters.JUnitReportReporter -->
<testsuite hostname="Madis-PC" name="Friends.FollowFriends" tests="1" failures="0" timestamp="25 Nov 2014 15:51:49 GMT" time="59.247" errors="0">
  <testcase name="SopradeJalgimine" time="59.247" classname="Friends.FollowFriends"/>
</testsuite> <!-- Friends.FollowFriends -->
