<?xml version="1.0" encoding="UTF-8"?>
<!-- Generated by org.testng.reporters.JUnitReportReporter -->
<testsuite hostname="Madis-PC" name="Feedback.AnswerPrivateFeedback" tests="3" failures="0" timestamp="20 Nov 2014 15:37:46 GMT" time="86.828" errors="0">
  <testcase name="Test" time="28.254" classname="Feedback.AnswerPrivateFeedback"/>
  <testcase name="Test" time="30.512" classname="Feedback.AnswerPrivateFeedback"/>
  <testcase name="Test" time="28.062" classname="Feedback.AnswerPrivateFeedback"/>
</testsuite> <!-- Feedback.AnswerPrivateFeedback -->
