<?xml version="1.0" encoding="UTF-8"?>
<!-- Generated by org.testng.reporters.JUnitReportReporter -->
<testsuite hostname="Madis-PC" name="sayatme.Registration.FeedbackRegInval" tests="9" failures="0" timestamp="26 Nov 2014 14:10:35 GMT" time="601.650" errors="0">
  <testcase name="testFeedbackRegInval" time="61.678" classname="sayatme.Registration.FeedbackRegInval"/>
  <testcase name="testFeedbackRegInval" time="60.127" classname="sayatme.Registration.FeedbackRegInval"/>
  <testcase name="testFeedbackRegInval" time="61.299" classname="sayatme.Registration.FeedbackRegInval"/>
  <testcase name="testFeedbackRegInval" time="78.049" classname="sayatme.Registration.FeedbackRegInval"/>
  <testcase name="testFeedbackRegInval" time="77.704" classname="sayatme.Registration.FeedbackRegInval"/>
  <testcase name="testFeedbackRegInval" time="83.897" classname="sayatme.Registration.FeedbackRegInval"/>
  <testcase name="testFeedbackRegInval" time="59.189" classname="sayatme.Registration.FeedbackRegInval"/>
  <testcase name="testFeedbackRegInval" time="59.429" classname="sayatme.Registration.FeedbackRegInval"/>
  <testcase name="testFeedbackRegInval" time="60.278" classname="sayatme.Registration.FeedbackRegInval"/>
</testsuite> <!-- sayatme.Registration.FeedbackRegInval -->
