<?xml version="1.0" encoding="UTF-8"?>
<!-- Generated by org.testng.reporters.JUnitReportReporter -->
<testsuite hostname="Madis-PC" name="Feedback.feedbackinv" tests="3" failures="0" timestamp="20 Nov 2014 15:37:46 GMT" time="344.861" errors="0">
  <testcase name="testfeedbackinv" time="119.077" classname="Feedback.feedbackinv"/>
  <testcase name="testfeedbackinv" time="113.695" classname="Feedback.feedbackinv"/>
  <testcase name="testfeedbackinv" time="112.089" classname="Feedback.feedbackinv"/>
</testsuite> <!-- Feedback.feedbackinv -->
