<?xml version="1.0" encoding="UTF-8"?>
<!-- Generated by org.testng.reporters.JUnitReportReporter -->
<testsuite hostname="Madis-PC" name="Friends.UnfollowFriends" tests="1" failures="0" timestamp="25 Nov 2014 15:51:49 GMT" time="65.074" errors="0">
  <testcase name="StopFollowing" time="65.074" classname="Friends.UnfollowFriends"/>
</testsuite> <!-- Friends.UnfollowFriends -->
