<?xml version="1.0" encoding="UTF-8"?>
<!-- Generated by org.testng.reporters.JUnitReportReporter -->
<testsuite hostname="Madis-PC" name="Login.LoginVal" tests="3" failures="0" timestamp="24 Nov 2014 13:24:06 GMT" time="76.194" errors="0">
  <testcase name="testLoginVal" time="26.260" classname="Login.LoginVal"/>
  <testcase name="testLoginVal" time="34.132" classname="Login.LoginVal"/>
  <testcase name="testLoginVal" time="15.802" classname="Login.LoginVal"/>
</testsuite> <!-- Login.LoginVal -->
