<?xml version="1.0" encoding="UTF-8"?>
<!-- Generated by org.testng.reporters.JUnitReportReporter -->
<testsuite hostname="Madis-PC" name="Kysimus.Kysimused" tests="1" failures="0" timestamp="24 Nov 2014 13:24:06 GMT" time="263.506" errors="0">
  <testcase name="TestKysimused" time="263.506" classname="Kysimus.Kysimused"/>
</testsuite> <!-- Kysimus.Kysimused -->
