<?xml version="1.0" encoding="UTF-8"?>
<!-- Generated by org.testng.reporters.JUnitReportReporter -->
<testsuite hostname="Madis-PC" name="Feedback.FeedbackVal" tests="3" failures="0" timestamp="20 Nov 2014 15:37:47 GMT" time="100.769" errors="0">
  <testcase name="testFeedbackVal" time="34.470" classname="Feedback.FeedbackVal"/>
  <testcase name="testFeedbackVal" time="32.584" classname="Feedback.FeedbackVal"/>
  <testcase name="testFeedbackVal" time="33.715" classname="Feedback.FeedbackVal"/>
</testsuite> <!-- Feedback.FeedbackVal -->
