<?xml version="1.0" encoding="UTF-8"?>
<!-- Generated by org.testng.reporters.JUnitReportReporter -->
<testsuite hostname="Madis-PC" name="Feedback.AnswerPrivateFeedback" tests="3" failures="0" timestamp="24 Nov 2014 13:24:06 GMT" time="38.412" errors="0">
  <testcase name="Test" time="13.631" classname="Feedback.AnswerPrivateFeedback"/>
  <testcase name="Test" time="12.721" classname="Feedback.AnswerPrivateFeedback"/>
  <testcase name="Test" time="12.060" classname="Feedback.AnswerPrivateFeedback"/>
</testsuite> <!-- Feedback.AnswerPrivateFeedback -->
