<?xml version="1.0" encoding="UTF-8"?>
<!-- Generated by org.testng.reporters.JUnitReportReporter -->
<testsuite hostname="Madis-PC" name="sayatme.Registration.ProfileRegInv" tests="9" failures="0" timestamp="26 Nov 2014 14:10:35 GMT" time="288.385" errors="0">
  <testcase name="testProfileRegInv" time="30.101" classname="sayatme.Registration.ProfileRegInv"/>
  <testcase name="testProfileRegInv" time="40.292" classname="sayatme.Registration.ProfileRegInv"/>
  <testcase name="testProfileRegInv" time="27.433" classname="sayatme.Registration.ProfileRegInv"/>
  <testcase name="testProfileRegInv" time="27.526" classname="sayatme.Registration.ProfileRegInv"/>
  <testcase name="testProfileRegInv" time="27.658" classname="sayatme.Registration.ProfileRegInv"/>
  <testcase name="testProfileRegInv" time="42.039" classname="sayatme.Registration.ProfileRegInv"/>
  <testcase name="testProfileRegInv" time="26.951" classname="sayatme.Registration.ProfileRegInv"/>
  <testcase name="testProfileRegInv" time="25.509" classname="sayatme.Registration.ProfileRegInv"/>
  <testcase name="testProfileRegInv" time="40.876" classname="sayatme.Registration.ProfileRegInv"/>
</testsuite> <!-- sayatme.Registration.ProfileRegInv -->
