<?xml version="1.0" encoding="UTF-8"?>
<!-- Generated by org.testng.reporters.JUnitReportReporter -->
<testsuite hostname="Madis-PC" name="Feedback.CommentPublicFeedback" tests="3" failures="0" timestamp="24 Nov 2014 13:24:06 GMT" time="41.137" errors="0">
  <testcase name="TestCommentPublicFeedback" time="14.545" classname="Feedback.CommentPublicFeedback"/>
  <testcase name="TestCommentPublicFeedback" time="13.114" classname="Feedback.CommentPublicFeedback"/>
  <testcase name="TestCommentPublicFeedback" time="13.478" classname="Feedback.CommentPublicFeedback"/>
</testsuite> <!-- Feedback.CommentPublicFeedback -->
