<?xml version="1.0" encoding="UTF-8"?>
<!-- Generated by org.testng.reporters.JUnitReportReporter -->
<testsuite hostname="Madis-PC" name="Feedback.CommentPublicFeedbackNotLoggedin" tests="3" failures="0" timestamp="24 Nov 2014 13:24:06 GMT" time="21.882" errors="0">
  <testcase name="TestCommentPublicFeedbackNotLoggedin" time="7.640" classname="Feedback.CommentPublicFeedbackNotLoggedin"/>
  <testcase name="TestCommentPublicFeedbackNotLoggedin" time="7.139" classname="Feedback.CommentPublicFeedbackNotLoggedin"/>
  <testcase name="TestCommentPublicFeedbackNotLoggedin" time="7.103" classname="Feedback.CommentPublicFeedbackNotLoggedin"/>
</testsuite> <!-- Feedback.CommentPublicFeedbackNotLoggedin -->
