<?xml version="1.0" encoding="UTF-8"?>
<!-- Generated by org.testng.reporters.JUnitReportReporter -->
<testsuite hostname="Madis-PC" name="Feedback.CommentPrivateFeedback" tests="3" failures="0" timestamp="24 Nov 2014 13:24:06 GMT" time="42.355" errors="0">
  <testcase name="Test" time="13.673" classname="Feedback.CommentPrivateFeedback"/>
  <testcase name="Test" time="14.431" classname="Feedback.CommentPrivateFeedback"/>
  <testcase name="Test" time="14.251" classname="Feedback.CommentPrivateFeedback"/>
</testsuite> <!-- Feedback.CommentPrivateFeedback -->
