<?xml version="1.0" encoding="UTF-8"?>
<!-- Generated by org.testng.reporters.JUnitReportReporter -->
<testsuite hostname="Madis-PC" name="GeneralFunctions.ChangeProfilePic2" tests="1" failures="0" timestamp="20 Nov 2014 10:50:44 GMT" time="53.431" errors="0">
  <testcase name="AvalikultProfiililtpildivahetus" time="53.431" classname="GeneralFunctions.ChangeProfilePic2"/>
</testsuite> <!-- GeneralFunctions.ChangeProfilePic2 -->
