<?xml version="1.0" encoding="UTF-8"?>
<!-- Generated by org.testng.reporters.JUnitReportReporter -->
<testsuite hostname="Madis-PC" name="Feedback.AnswerFeedback" tests="3" failures="0" timestamp="24 Nov 2014 13:24:06 GMT" time="34.914" errors="0">
  <testcase name="TestAnswerFeedback" time="11.643" classname="Feedback.AnswerFeedback"/>
  <testcase name="TestAnswerFeedback" time="11.565" classname="Feedback.AnswerFeedback"/>
  <testcase name="TestAnswerFeedback" time="11.706" classname="Feedback.AnswerFeedback"/>
</testsuite> <!-- Feedback.AnswerFeedback -->
