<?xml version="1.0" encoding="UTF-8"?>
<!-- Generated by org.testng.reporters.JUnitReportReporter -->
<testsuite hostname="Madis-PC" name="Friends.FriendsFeedback" tests="3" failures="0" timestamp="25 Nov 2014 15:51:49 GMT" time="46.954" errors="0">
  <testcase name="TestFriendsFeedback" time="16.430" classname="Friends.FriendsFeedback"/>
  <testcase name="TestFriendsFeedback" time="15.636" classname="Friends.FriendsFeedback"/>
  <testcase name="TestFriendsFeedback" time="14.888" classname="Friends.FriendsFeedback"/>
</testsuite> <!-- Friends.FriendsFeedback -->
