<?xml version="1.0" encoding="UTF-8"?>
<!-- Generated by org.testng.reporters.JUnitReportReporter -->
<testsuite hostname="Madis-PC" name="sayatme.Registration.Frontpagereg" tests="9" failures="0" timestamp="26 Nov 2014 14:10:35 GMT" time="1427.322" errors="0">
  <testcase name="testFrontpagereg" time="150.095" classname="sayatme.Registration.Frontpagereg"/>
  <testcase name="testFrontpagereg" time="151.805" classname="sayatme.Registration.Frontpagereg"/>
  <testcase name="testFrontpagereg" time="149.687" classname="sayatme.Registration.Frontpagereg"/>
  <testcase name="testFrontpagereg" time="152.249" classname="sayatme.Registration.Frontpagereg"/>
  <testcase name="testFrontpagereg" time="175.344" classname="sayatme.Registration.Frontpagereg"/>
  <testcase name="testFrontpagereg" time="149.776" classname="sayatme.Registration.Frontpagereg"/>
  <testcase name="testFrontpagereg" time="151.749" classname="sayatme.Registration.Frontpagereg"/>
  <testcase name="testFrontpagereg" time="173.830" classname="sayatme.Registration.Frontpagereg"/>
  <testcase name="testFrontpagereg" time="172.787" classname="sayatme.Registration.Frontpagereg"/>
</testsuite> <!-- sayatme.Registration.Frontpagereg -->
